2025-02-24 04:34:43,045 - __main__ - ERROR - Failed to start bot: Improper token has been passed.
2025-02-24 04:36:34,436 - __main__ - INFO - Bot logged in as DankFather#2057
2025-02-24 04:36:34,477 - __main__ - INFO - Lottery cog loaded successfully
2025-02-24 04:36:49,894 - __main__ - INFO - Bot logged in as DankFather#2057
2025-02-24 04:36:49,900 - __main__ - INFO - Lottery cog loaded successfully
2025-02-24 04:38:35,035 - __main__ - INFO - Bot logged in as DankFather#2057
2025-02-24 04:38:35,045 - __main__ - INFO - Lottery cog loaded successfully
2025-02-24 04:39:31,716 - __main__ - INFO - Bot logged in as DankFather#2057
2025-02-24 04:39:31,724 - __main__ - INFO - Lottery cog loaded successfully
2025-02-24 04:41:03,155 - __main__ - INFO - Bot logged in as DankFather#2057
2025-02-24 04:41:03,172 - __main__ - INFO - Lottery cog loaded successfully
2025-02-24 04:41:03,172 - cogs.lottery - INFO - Bot status check - Online
2025-02-24 04:41:56,196 - __main__ - INFO - Bot logged in as DankFather#2057
2025-02-24 04:41:56,204 - __main__ - INFO - Lottery cog loaded successfully
2025-02-24 04:41:56,205 - cogs.lottery - INFO - Bot status check - Online
2025-02-24 04:42:03,872 - __main__ - INFO - Bot logged in as DankFather#2057
2025-02-24 04:42:03,885 - __main__ - INFO - Lottery cog loaded successfully
2025-02-24 04:42:03,887 - cogs.lottery - INFO - Bot status check - Online
2025-02-24 04:44:13,846 - __main__ - INFO - Bot logged in as DankFather#2057
2025-02-24 04:44:13,856 - __main__ - INFO - Lottery cog loaded successfully
2025-02-24 04:44:13,856 - cogs.lottery - INFO - Bot status check - Online
2025-02-24 04:46:56,207 - cogs.lottery - INFO - Bot status check - Online
2025-02-24 04:47:00,418 - __main__ - INFO - Bot logged in as DankFather#2057
2025-02-24 04:47:00,429 - __main__ - ERROR - Failed to load lottery cog: Extension 'cogs.lottery' raised an error: NameError: name 'is_admin' is not defined
2025-02-24 04:47:07,719 - __main__ - INFO - Bot logged in as DankFather#2057
2025-02-24 04:47:07,727 - __main__ - ERROR - Failed to load lottery cog: Extension 'cogs.lottery' raised an error: NameError: name 'is_admin' is not defined
2025-02-24 04:48:34,703 - __main__ - INFO - Bot logged in as DankFather#2057
2025-02-24 04:48:34,716 - __main__ - INFO - Lottery cog loaded successfully
2025-02-24 04:48:34,717 - cogs.lottery - INFO - Bot status check - Online
2025-02-24 04:50:58,818 - __main__ - INFO - Bot logged in as DankFather#2057
2025-02-24 04:50:58,832 - __main__ - INFO - Lottery cog loaded successfully
2025-02-24 04:50:58,832 - cogs.lottery - INFO - Bot status check - Online
2025-02-24 04:51:11,618 - __main__ - INFO - Bot logged in as DankFather#2057
2025-02-24 04:51:11,631 - __main__ - INFO - Lottery cog loaded successfully
2025-02-24 04:51:11,631 - cogs.lottery - INFO - Bot status check - Online
2025-02-24 04:51:56,230 - cogs.lottery - INFO - Bot status check - Online
2025-02-24 04:52:18,646 - __main__ - INFO - Bot logged in as DankFather#2057
2025-02-24 04:52:18,657 - __main__ - INFO - Lottery cog loaded successfully
2025-02-24 04:52:18,658 - cogs.lottery - INFO - Bot status check - Online
2025-02-24 04:55:45,731 - __main__ - INFO - Bot logged in as DankFather#2057
2025-02-24 04:55:45,743 - __main__ - INFO - Lottery cog loaded successfully
2025-02-24 04:55:45,743 - cogs.lottery - INFO - Bot status check - Online
2025-02-24 04:55:54,846 - __main__ - INFO - Bot logged in as DankFather#2057
2025-02-24 04:55:54,855 - __main__ - INFO - Lottery cog loaded successfully
2025-02-24 04:55:54,856 - cogs.lottery - INFO - Bot status check - Online
2025-02-24 04:56:56,242 - cogs.lottery - INFO - Bot status check - Online
2025-02-24 05:00:45,745 - cogs.lottery - INFO - Bot status check - Online
2025-02-24 05:01:56,211 - cogs.lottery - INFO - Bot status check - Online
2025-02-24 05:05:45,768 - cogs.lottery - INFO - Bot status check - Online
2025-02-24 05:06:56,216 - cogs.lottery - INFO - Bot status check - Online
2025-02-24 05:10:45,773 - cogs.lottery - INFO - Bot status check - Online
2025-02-24 05:11:25,059 - __main__ - INFO - Bot logged in as DankFather#2057
2025-02-24 05:11:25,066 - __main__ - INFO - Lottery cog loaded successfully
2025-02-24 05:11:25,067 - cogs.lottery - INFO - Bot status check - Online
2025-02-24 05:11:35,210 - __main__ - INFO - Bot logged in as DankFather#2057
2025-02-24 05:11:35,217 - __main__ - INFO - Lottery cog loaded successfully
2025-02-24 05:11:35,217 - cogs.lottery - INFO - Bot status check - Online
2025-02-24 05:11:56,227 - cogs.lottery - INFO - Bot status check - Online
2025-02-24 05:12:21,439 - __main__ - INFO - Bot logged in as DankFather#2057
2025-02-24 05:12:21,448 - __main__ - INFO - Lottery cog loaded successfully
2025-02-24 05:12:21,448 - cogs.lottery - INFO - Bot status check - Online
2025-02-24 05:16:56,238 - cogs.lottery - INFO - Bot status check - Online
2025-02-24 05:17:21,450 - cogs.lottery - INFO - Bot status check - Online
2025-02-24 05:21:56,208 - cogs.lottery - INFO - Bot status check - Online
2025-02-24 05:22:21,472 - cogs.lottery - INFO - Bot status check - Online
2025-02-24 05:26:56,220 - cogs.lottery - INFO - Bot status check - Online
2025-02-24 05:27:21,479 - cogs.lottery - INFO - Bot status check - Online
